<?xml version="1.0" encoding="UTF-8"?>
<!-- Generated by org.testng.reporters.JUnitReportReporter -->
<testsuite skipped="0" hostname="PC2018102920JEL" name="com.freecrm.testcases.LoginPage" tests="4" failures="0" timestamp="10 ماي 2019 07:44:54 GMT" time="238.317" errors="0">
  <testcase name="TitleTest" time="47.902" classname="com.freecrm.testcases.LoginPage"/>
  <testcase name="URLcheck" time="44.783" classname="com.freecrm.testcases.LoginPage"/>
  <testcase name="logoChek" time="39.424" classname="com.freecrm.testcases.LoginPage"/>
  <testcase name="loginTest" time="106.208" classname="com.freecrm.testcases.LoginPage"/>
</testsuite> <!-- com.freecrm.testcases.LoginPage -->
