<?xml version="1.0" encoding="UTF-8"?>
<!-- Generated by org.testng.reporters.JUnitReportReporter -->
<testsuite skipped="0" hostname="PC2018102920JEL" name="com.freecrm.testcases.HomePage" tests="3" failures="0" timestamp="10 ماي 2019 07:44:54 GMT" time="249.673" errors="0">
  <testcase name="clickoncontacts" time="86.558" classname="com.freecrm.testcases.HomePage"/>
  <testcase name="clickonDeals" time="84.772" classname="com.freecrm.testcases.HomePage"/>
  <testcase name="clickonTasks" time="78.343" classname="com.freecrm.testcases.HomePage"/>
</testsuite> <!-- com.freecrm.testcases.HomePage -->
